1592094275413	mozrunner::runner	INFO	Running command: "/usr/bin/firefox" "-marionette" "-foreground" "-no-remote" "-profile" "/tmp/rust_mozprofilenHgRRR"

(/usr/lib/firefox/firefox:103713): Gtk-WARNING **: 21:24:36.276: Theme parsing error: gtk.css:68:35: The style property GtkButton:child-displacement-x is deprecated and shouldn't be used anymore. It will be removed in a future version

(/usr/lib/firefox/firefox:103713): Gtk-WARNING **: 21:24:36.276: Theme parsing error: gtk.css:69:35: The style property GtkButton:child-displacement-y is deprecated and shouldn't be used anymore. It will be removed in a future version

(/usr/lib/firefox/firefox:103713): Gtk-WARNING **: 21:24:36.276: Theme parsing error: gtk.css:71:36: The style property GtkCheckMenuItem:indicator-size is deprecated and shouldn't be used anymore. It will be removed in a future version

(/usr/lib/firefox/firefox:103713): Gtk-WARNING **: 21:24:36.276: Theme parsing error: gtk.css:76:30: The style property GtkExpander:expander-size is deprecated and shouldn't be used anymore. It will be removed in a future version

(/usr/lib/firefox/firefox:103736): Gtk-WARNING **: 21:24:36.402: Theme parsing error: gtk.css:68:35: The style property GtkButton:child-displacement-x is deprecated and shouldn't be used anymore. It will be removed in a future version

(/usr/lib/firefox/firefox:103736): Gtk-WARNING **: 21:24:36.403: Theme parsing error: gtk.css:69:35: The style property GtkButton:child-displacement-y is deprecated and shouldn't be used anymore. It will be removed in a future version

(/usr/lib/firefox/firefox:103736): Gtk-WARNING **: 21:24:36.404: Theme parsing error: gtk.css:71:36: The style property GtkCheckMenuItem:indicator-size is deprecated and shouldn't be used anymore. It will be removed in a future version

(/usr/lib/firefox/firefox:103736): Gtk-WARNING **: 21:24:36.405: Theme parsing error: gtk.css:76:30: The style property GtkExpander:expander-size is deprecated and shouldn't be used anymore. It will be removed in a future version

(firefox:103634): GLib-GIO-WARNING **: 21:24:36.440: /etc/xdg/kde-mimeapps.list contains a [Added Associations] group, but it is not permitted here.  Only the non-desktop-specific mimeapps.list file may add or remove associations.
1592094277068	Marionette	INFO	Listening on port 44649
1592094277154	Marionette	WARN	TLS certificate errors will be ignored for this session
1592094304838	mozrunner::runner	INFO	Running command: "/usr/bin/firefox" "-marionette" "-foreground" "-no-remote" "-profile" "/tmp/rust_mozprofileHWIl0l"

(/usr/lib/firefox/firefox:104019): Gtk-WARNING **: 21:25:05.693: Theme parsing error: gtk.css:68:35: The style property GtkButton:child-displacement-x is deprecated and shouldn't be used anymore. It will be removed in a future version

(/usr/lib/firefox/firefox:104019): Gtk-WARNING **: 21:25:05.693: Theme parsing error: gtk.css:69:35: The style property GtkButton:child-displacement-y is deprecated and shouldn't be used anymore. It will be removed in a future version

(/usr/lib/firefox/firefox:104019): Gtk-WARNING **: 21:25:05.693: Theme parsing error: gtk.css:71:36: The style property GtkCheckMenuItem:indicator-size is deprecated and shouldn't be used anymore. It will be removed in a future version

(/usr/lib/firefox/firefox:104019): Gtk-WARNING **: 21:25:05.694: Theme parsing error: gtk.css:76:30: The style property GtkExpander:expander-size is deprecated and shouldn't be used anymore. It will be removed in a future version

(/usr/lib/firefox/firefox:104042): Gtk-WARNING **: 21:25:05.848: Theme parsing error: gtk.css:68:35: The style property GtkButton:child-displacement-x is deprecated and shouldn't be used anymore. It will be removed in a future version

(/usr/lib/firefox/firefox:104042): Gtk-WARNING **: 21:25:05.849: Theme parsing error: gtk.css:69:35: The style property GtkButton:child-displacement-y is deprecated and shouldn't be used anymore. It will be removed in a future version

(/usr/lib/firefox/firefox:104042): Gtk-WARNING **: 21:25:05.849: Theme parsing error: gtk.css:71:36: The style property GtkCheckMenuItem:indicator-size is deprecated and shouldn't be used anymore. It will be removed in a future version

(/usr/lib/firefox/firefox:104042): Gtk-WARNING **: 21:25:05.850: Theme parsing error: gtk.css:76:30: The style property GtkExpander:expander-size is deprecated and shouldn't be used anymore. It will be removed in a future version

(firefox:103942): GLib-GIO-WARNING **: 21:25:05.877: /etc/xdg/kde-mimeapps.list contains a [Added Associations] group, but it is not permitted here.  Only the non-desktop-specific mimeapps.list file may add or remove associations.
1592094306509	Marionette	INFO	Listening on port 44821
1592094306584	Marionette	WARN	TLS certificate errors will be ignored for this session
1592094307849	Marionette	INFO	Stopped listening on port 44821
1592094444497	mozrunner::runner	INFO	Running command: "/usr/bin/firefox" "-marionette" "-foreground" "-no-remote" "-profile" "/tmp/rust_mozprofilehFgwPZ"

(/usr/lib/firefox/firefox:104963): Gtk-WARNING **: 21:27:25.346: Theme parsing error: gtk.css:68:35: The style property GtkButton:child-displacement-x is deprecated and shouldn't be used anymore. It will be removed in a future version

(/usr/lib/firefox/firefox:104963): Gtk-WARNING **: 21:27:25.347: Theme parsing error: gtk.css:69:35: The style property GtkButton:child-displacement-y is deprecated and shouldn't be used anymore. It will be removed in a future version

(/usr/lib/firefox/firefox:104963): Gtk-WARNING **: 21:27:25.347: Theme parsing error: gtk.css:71:36: The style property GtkCheckMenuItem:indicator-size is deprecated and shouldn't be used anymore. It will be removed in a future version

(/usr/lib/firefox/firefox:104963): Gtk-WARNING **: 21:27:25.347: Theme parsing error: gtk.css:76:30: The style property GtkExpander:expander-size is deprecated and shouldn't be used anymore. It will be removed in a future version

(/usr/lib/firefox/firefox:104986): Gtk-WARNING **: 21:27:25.497: Theme parsing error: gtk.css:68:35: The style property GtkButton:child-displacement-x is deprecated and shouldn't be used anymore. It will be removed in a future version

(/usr/lib/firefox/firefox:104986): Gtk-WARNING **: 21:27:25.497: Theme parsing error: gtk.css:69:35: The style property GtkButton:child-displacement-y is deprecated and shouldn't be used anymore. It will be removed in a future version

(/usr/lib/firefox/firefox:104986): Gtk-WARNING **: 21:27:25.498: Theme parsing error: gtk.css:71:36: The style property GtkCheckMenuItem:indicator-size is deprecated and shouldn't be used anymore. It will be removed in a future version

(/usr/lib/firefox/firefox:104986): Gtk-WARNING **: 21:27:25.498: Theme parsing error: gtk.css:76:30: The style property GtkExpander:expander-size is deprecated and shouldn't be used anymore. It will be removed in a future version

(firefox:104885): GLib-GIO-WARNING **: 21:27:25.522: /etc/xdg/kde-mimeapps.list contains a [Added Associations] group, but it is not permitted here.  Only the non-desktop-specific mimeapps.list file may add or remove associations.
1592094446070	Marionette	INFO	Listening on port 36117
1592094446104	Marionette	WARN	TLS certificate errors will be ignored for this session
1592094447053	Marionette	INFO	Stopped listening on port 36117
1592094660607	mozrunner::runner	INFO	Running command: "/usr/bin/firefox" "-marionette" "-foreground" "-no-remote" "-profile" "/tmp/rust_mozprofile0yHN42"

(/usr/lib/firefox/firefox:106388): Gtk-WARNING **: 21:31:01.472: Theme parsing error: gtk.css:68:35: The style property GtkButton:child-displacement-x is deprecated and shouldn't be used anymore. It will be removed in a future version

(/usr/lib/firefox/firefox:106388): Gtk-WARNING **: 21:31:01.473: Theme parsing error: gtk.css:69:35: The style property GtkButton:child-displacement-y is deprecated and shouldn't be used anymore. It will be removed in a future version

(/usr/lib/firefox/firefox:106388): Gtk-WARNING **: 21:31:01.473: Theme parsing error: gtk.css:71:36: The style property GtkCheckMenuItem:indicator-size is deprecated and shouldn't be used anymore. It will be removed in a future version

(/usr/lib/firefox/firefox:106388): Gtk-WARNING **: 21:31:01.473: Theme parsing error: gtk.css:76:30: The style property GtkExpander:expander-size is deprecated and shouldn't be used anymore. It will be removed in a future version

(/usr/lib/firefox/firefox:106411): Gtk-WARNING **: 21:31:01.593: Theme parsing error: gtk.css:68:35: The style property GtkButton:child-displacement-x is deprecated and shouldn't be used anymore. It will be removed in a future version

(/usr/lib/firefox/firefox:106411): Gtk-WARNING **: 21:31:01.594: Theme parsing error: gtk.css:69:35: The style property GtkButton:child-displacement-y is deprecated and shouldn't be used anymore. It will be removed in a future version

(/usr/lib/firefox/firefox:106411): Gtk-WARNING **: 21:31:01.594: Theme parsing error: gtk.css:71:36: The style property GtkCheckMenuItem:indicator-size is deprecated and shouldn't be used anymore. It will be removed in a future version

(/usr/lib/firefox/firefox:106411): Gtk-WARNING **: 21:31:01.594: Theme parsing error: gtk.css:76:30: The style property GtkExpander:expander-size is deprecated and shouldn't be used anymore. It will be removed in a future version

(firefox:106305): GLib-GIO-WARNING **: 21:31:01.675: /etc/xdg/kde-mimeapps.list contains a [Added Associations] group, but it is not permitted here.  Only the non-desktop-specific mimeapps.list file may add or remove associations.
1592094662231	Marionette	INFO	Listening on port 44597
1592094662359	Marionette	WARN	TLS certificate errors will be ignored for this session
console.error: "Store does not have a valid reducer. Make sure the argument passed to combineReducers is an object whose values are reducers."
1592094990602	mozrunner::runner	INFO	Running command: "/usr/bin/firefox" "-marionette" "-foreground" "-no-remote" "-profile" "/tmp/rust_mozprofilex5Fgia"

(/usr/lib/firefox/firefox:106908): Gtk-WARNING **: 21:36:31.538: Theme parsing error: gtk.css:68:35: The style property GtkButton:child-displacement-x is deprecated and shouldn't be used anymore. It will be removed in a future version

(/usr/lib/firefox/firefox:106908): Gtk-WARNING **: 21:36:31.538: Theme parsing error: gtk.css:69:35: The style property GtkButton:child-displacement-y is deprecated and shouldn't be used anymore. It will be removed in a future version

(/usr/lib/firefox/firefox:106908): Gtk-WARNING **: 21:36:31.539: Theme parsing error: gtk.css:71:36: The style property GtkCheckMenuItem:indicator-size is deprecated and shouldn't be used anymore. It will be removed in a future version

(/usr/lib/firefox/firefox:106908): Gtk-WARNING **: 21:36:31.539: Theme parsing error: gtk.css:76:30: The style property GtkExpander:expander-size is deprecated and shouldn't be used anymore. It will be removed in a future version

(/usr/lib/firefox/firefox:106931): Gtk-WARNING **: 21:36:31.638: Theme parsing error: gtk.css:68:35: The style property GtkButton:child-displacement-x is deprecated and shouldn't be used anymore. It will be removed in a future version

(/usr/lib/firefox/firefox:106931): Gtk-WARNING **: 21:36:31.638: Theme parsing error: gtk.css:69:35: The style property GtkButton:child-displacement-y is deprecated and shouldn't be used anymore. It will be removed in a future version

(/usr/lib/firefox/firefox:106931): Gtk-WARNING **: 21:36:31.638: Theme parsing error: gtk.css:71:36: The style property GtkCheckMenuItem:indicator-size is deprecated and shouldn't be used anymore. It will be removed in a future version

(/usr/lib/firefox/firefox:106931): Gtk-WARNING **: 21:36:31.638: Theme parsing error: gtk.css:76:30: The style property GtkExpander:expander-size is deprecated and shouldn't be used anymore. It will be removed in a future version

(firefox:106822): GLib-GIO-WARNING **: 21:36:31.657: /etc/xdg/kde-mimeapps.list contains a [Added Associations] group, but it is not permitted here.  Only the non-desktop-specific mimeapps.list file may add or remove associations.
1592094992291	Marionette	INFO	Listening on port 40409
1592094992317	Marionette	WARN	TLS certificate errors will be ignored for this session
1592095004970	Marionette	INFO	Stopped listening on port 40409
1592095010802	Marionette	INFO	Stopped listening on port 44597
1592095067928	mozrunner::runner	INFO	Running command: "/usr/bin/firefox" "-marionette" "-foreground" "-no-remote" "-profile" "/tmp/rust_mozprofileuQKb5K"

(/usr/lib/firefox/firefox:107316): Gtk-WARNING **: 21:37:48.824: Theme parsing error: gtk.css:68:35: The style property GtkButton:child-displacement-x is deprecated and shouldn't be used anymore. It will be removed in a future version

(/usr/lib/firefox/firefox:107316): Gtk-WARNING **: 21:37:48.824: Theme parsing error: gtk.css:69:35: The style property GtkButton:child-displacement-y is deprecated and shouldn't be used anymore. It will be removed in a future version

(/usr/lib/firefox/firefox:107316): Gtk-WARNING **: 21:37:48.825: Theme parsing error: gtk.css:71:36: The style property GtkCheckMenuItem:indicator-size is deprecated and shouldn't be used anymore. It will be removed in a future version

(/usr/lib/firefox/firefox:107316): Gtk-WARNING **: 21:37:48.825: Theme parsing error: gtk.css:76:30: The style property GtkExpander:expander-size is deprecated and shouldn't be used anymore. It will be removed in a future version

(/usr/lib/firefox/firefox:107339): Gtk-WARNING **: 21:37:48.963: Theme parsing error: gtk.css:68:35: The style property GtkButton:child-displacement-x is deprecated and shouldn't be used anymore. It will be removed in a future version

(/usr/lib/firefox/firefox:107339): Gtk-WARNING **: 21:37:48.965: Theme parsing error: gtk.css:69:35: The style property GtkButton:child-displacement-y is deprecated and shouldn't be used anymore. It will be removed in a future version

(/usr/lib/firefox/firefox:107339): Gtk-WARNING **: 21:37:48.965: Theme parsing error: gtk.css:71:36: The style property GtkCheckMenuItem:indicator-size is deprecated and shouldn't be used anymore. It will be removed in a future version

(/usr/lib/firefox/firefox:107339): Gtk-WARNING **: 21:37:48.965: Theme parsing error: gtk.css:76:30: The style property GtkExpander:expander-size is deprecated and shouldn't be used anymore. It will be removed in a future version

(firefox:107239): GLib-GIO-WARNING **: 21:37:48.984: /etc/xdg/kde-mimeapps.list contains a [Added Associations] group, but it is not permitted here.  Only the non-desktop-specific mimeapps.list file may add or remove associations.
1592095069543	Marionette	INFO	Listening on port 41635
1592095069636	Marionette	WARN	TLS certificate errors will be ignored for this session
1592095091400	Marionette	INFO	Stopped listening on port 41635
1592095282628	mozrunner::runner	INFO	Running command: "/usr/bin/firefox" "-marionette" "-foreground" "-no-remote" "-profile" "/tmp/rust_mozprofileCEVNzy"

(/usr/lib/firefox/firefox:107826): Gtk-WARNING **: 21:41:23.481: Theme parsing error: gtk.css:68:35: The style property GtkButton:child-displacement-x is deprecated and shouldn't be used anymore. It will be removed in a future version

(/usr/lib/firefox/firefox:107826): Gtk-WARNING **: 21:41:23.481: Theme parsing error: gtk.css:69:35: The style property GtkButton:child-displacement-y is deprecated and shouldn't be used anymore. It will be removed in a future version

(/usr/lib/firefox/firefox:107826): Gtk-WARNING **: 21:41:23.481: Theme parsing error: gtk.css:71:36: The style property GtkCheckMenuItem:indicator-size is deprecated and shouldn't be used anymore. It will be removed in a future version

(/usr/lib/firefox/firefox:107826): Gtk-WARNING **: 21:41:23.481: Theme parsing error: gtk.css:76:30: The style property GtkExpander:expander-size is deprecated and shouldn't be used anymore. It will be removed in a future version

(/usr/lib/firefox/firefox:107851): Gtk-WARNING **: 21:41:23.612: Theme parsing error: gtk.css:68:35: The style property GtkButton:child-displacement-x is deprecated and shouldn't be used anymore. It will be removed in a future version

(/usr/lib/firefox/firefox:107851): Gtk-WARNING **: 21:41:23.612: Theme parsing error: gtk.css:69:35: The style property GtkButton:child-displacement-y is deprecated and shouldn't be used anymore. It will be removed in a future version

(/usr/lib/firefox/firefox:107851): Gtk-WARNING **: 21:41:23.612: Theme parsing error: gtk.css:71:36: The style property GtkCheckMenuItem:indicator-size is deprecated and shouldn't be used anymore. It will be removed in a future version

(/usr/lib/firefox/firefox:107851): Gtk-WARNING **: 21:41:23.613: Theme parsing error: gtk.css:76:30: The style property GtkExpander:expander-size is deprecated and shouldn't be used anymore. It will be removed in a future version

(firefox:107738): GLib-GIO-WARNING **: 21:41:23.652: /etc/xdg/kde-mimeapps.list contains a [Added Associations] group, but it is not permitted here.  Only the non-desktop-specific mimeapps.list file may add or remove associations.
1592095284217	Marionette	INFO	Listening on port 40417
1592095284236	Marionette	WARN	TLS certificate errors will be ignored for this session
1592095299686	Marionette	INFO	Stopped listening on port 40417
1592095333468	mozrunner::runner	INFO	Running command: "/usr/bin/firefox" "-marionette" "-foreground" "-no-remote" "-profile" "/tmp/rust_mozprofilehMUbAp"

(/usr/lib/firefox/firefox:108230): Gtk-WARNING **: 21:42:14.316: Theme parsing error: gtk.css:68:35: The style property GtkButton:child-displacement-x is deprecated and shouldn't be used anymore. It will be removed in a future version

(/usr/lib/firefox/firefox:108230): Gtk-WARNING **: 21:42:14.317: Theme parsing error: gtk.css:69:35: The style property GtkButton:child-displacement-y is deprecated and shouldn't be used anymore. It will be removed in a future version

(/usr/lib/firefox/firefox:108230): Gtk-WARNING **: 21:42:14.317: Theme parsing error: gtk.css:71:36: The style property GtkCheckMenuItem:indicator-size is deprecated and shouldn't be used anymore. It will be removed in a future version

(/usr/lib/firefox/firefox:108230): Gtk-WARNING **: 21:42:14.323: Theme parsing error: gtk.css:76:30: The style property GtkExpander:expander-size is deprecated and shouldn't be used anymore. It will be removed in a future version

(/usr/lib/firefox/firefox:108253): Gtk-WARNING **: 21:42:14.450: Theme parsing error: gtk.css:68:35: The style property GtkButton:child-displacement-x is deprecated and shouldn't be used anymore. It will be removed in a future version

(/usr/lib/firefox/firefox:108253): Gtk-WARNING **: 21:42:14.450: Theme parsing error: gtk.css:69:35: The style property GtkButton:child-displacement-y is deprecated and shouldn't be used anymore. It will be removed in a future version

(/usr/lib/firefox/firefox:108253): Gtk-WARNING **: 21:42:14.450: Theme parsing error: gtk.css:71:36: The style property GtkCheckMenuItem:indicator-size is deprecated and shouldn't be used anymore. It will be removed in a future version

(/usr/lib/firefox/firefox:108253): Gtk-WARNING **: 21:42:14.451: Theme parsing error: gtk.css:76:30: The style property GtkExpander:expander-size is deprecated and shouldn't be used anymore. It will be removed in a future version

(firefox:108153): GLib-GIO-WARNING **: 21:42:14.481: /etc/xdg/kde-mimeapps.list contains a [Added Associations] group, but it is not permitted here.  Only the non-desktop-specific mimeapps.list file may add or remove associations.
1592095335074	Marionette	INFO	Listening on port 45189
1592095335196	Marionette	WARN	TLS certificate errors will be ignored for this session
1592095353753	Marionette	INFO	Stopped listening on port 45189
1592095381079	mozrunner::runner	INFO	Running command: "/usr/bin/firefox" "-marionette" "-foreground" "-no-remote" "-profile" "/tmp/rust_mozprofileA4Ozkz"

(/usr/lib/firefox/firefox:108589): Gtk-WARNING **: 21:43:01.952: Theme parsing error: gtk.css:68:35: The style property GtkButton:child-displacement-x is deprecated and shouldn't be used anymore. It will be removed in a future version

(/usr/lib/firefox/firefox:108589): Gtk-WARNING **: 21:43:01.953: Theme parsing error: gtk.css:69:35: The style property GtkButton:child-displacement-y is deprecated and shouldn't be used anymore. It will be removed in a future version

(/usr/lib/firefox/firefox:108589): Gtk-WARNING **: 21:43:01.953: Theme parsing error: gtk.css:71:36: The style property GtkCheckMenuItem:indicator-size is deprecated and shouldn't be used anymore. It will be removed in a future version

(/usr/lib/firefox/firefox:108589): Gtk-WARNING **: 21:43:01.953: Theme parsing error: gtk.css:76:30: The style property GtkExpander:expander-size is deprecated and shouldn't be used anymore. It will be removed in a future version

(/usr/lib/firefox/firefox:108612): Gtk-WARNING **: 21:43:02.081: Theme parsing error: gtk.css:68:35: The style property GtkButton:child-displacement-x is deprecated and shouldn't be used anymore. It will be removed in a future version

(/usr/lib/firefox/firefox:108612): Gtk-WARNING **: 21:43:02.082: Theme parsing error: gtk.css:69:35: The style property GtkButton:child-displacement-y is deprecated and shouldn't be used anymore. It will be removed in a future version

(/usr/lib/firefox/firefox:108612): Gtk-WARNING **: 21:43:02.082: Theme parsing error: gtk.css:71:36: The style property GtkCheckMenuItem:indicator-size is deprecated and shouldn't be used anymore. It will be removed in a future version

(/usr/lib/firefox/firefox:108612): Gtk-WARNING **: 21:43:02.082: Theme parsing error: gtk.css:76:30: The style property GtkExpander:expander-size is deprecated and shouldn't be used anymore. It will be removed in a future version

(firefox:108512): GLib-GIO-WARNING **: 21:43:02.127: /etc/xdg/kde-mimeapps.list contains a [Added Associations] group, but it is not permitted here.  Only the non-desktop-specific mimeapps.list file may add or remove associations.
1592095382776	Marionette	INFO	Listening on port 37043
1592095382790	Marionette	WARN	TLS certificate errors will be ignored for this session
console.error: "Store does not have a valid reducer. Make sure the argument passed to combineReducers is an object whose values are reducers."
1592095408755	Marionette	INFO	Stopped listening on port 37043
1592095521425	mozrunner::runner	INFO	Running command: "/usr/bin/firefox" "-marionette" "-foreground" "-no-remote" "-profile" "/tmp/rust_mozprofilecsV0Fg"

(/usr/lib/firefox/firefox:108973): Gtk-WARNING **: 21:45:22.286: Theme parsing error: gtk.css:68:35: The style property GtkButton:child-displacement-x is deprecated and shouldn't be used anymore. It will be removed in a future version

(/usr/lib/firefox/firefox:108973): Gtk-WARNING **: 21:45:22.286: Theme parsing error: gtk.css:69:35: The style property GtkButton:child-displacement-y is deprecated and shouldn't be used anymore. It will be removed in a future version

(/usr/lib/firefox/firefox:108973): Gtk-WARNING **: 21:45:22.286: Theme parsing error: gtk.css:71:36: The style property GtkCheckMenuItem:indicator-size is deprecated and shouldn't be used anymore. It will be removed in a future version

(/usr/lib/firefox/firefox:108973): Gtk-WARNING **: 21:45:22.287: Theme parsing error: gtk.css:76:30: The style property GtkExpander:expander-size is deprecated and shouldn't be used anymore. It will be removed in a future version

(/usr/lib/firefox/firefox:108996): Gtk-WARNING **: 21:45:22.409: Theme parsing error: gtk.css:68:35: The style property GtkButton:child-displacement-x is deprecated and shouldn't be used anymore. It will be removed in a future version

(/usr/lib/firefox/firefox:108996): Gtk-WARNING **: 21:45:22.409: Theme parsing error: gtk.css:69:35: The style property GtkButton:child-displacement-y is deprecated and shouldn't be used anymore. It will be removed in a future version

(/usr/lib/firefox/firefox:108996): Gtk-WARNING **: 21:45:22.409: Theme parsing error: gtk.css:71:36: The style property GtkCheckMenuItem:indicator-size is deprecated and shouldn't be used anymore. It will be removed in a future version

(/usr/lib/firefox/firefox:108996): Gtk-WARNING **: 21:45:22.409: Theme parsing error: gtk.css:76:30: The style property GtkExpander:expander-size is deprecated and shouldn't be used anymore. It will be removed in a future version

(firefox:108895): GLib-GIO-WARNING **: 21:45:22.440: /etc/xdg/kde-mimeapps.list contains a [Added Associations] group, but it is not permitted here.  Only the non-desktop-specific mimeapps.list file may add or remove associations.
1592095523045	Marionette	INFO	Listening on port 38471
1592095523146	Marionette	WARN	TLS certificate errors will be ignored for this session
1592095658554	mozrunner::runner	INFO	Running command: "/usr/bin/firefox" "-marionette" "-foreground" "-no-remote" "-profile" "/tmp/rust_mozprofilerxdyme"

(/usr/lib/firefox/firefox:109636): Gtk-WARNING **: 21:47:39.419: Theme parsing error: gtk.css:68:35: The style property GtkButton:child-displacement-x is deprecated and shouldn't be used anymore. It will be removed in a future version

(/usr/lib/firefox/firefox:109636): Gtk-WARNING **: 21:47:39.420: Theme parsing error: gtk.css:69:35: The style property GtkButton:child-displacement-y is deprecated and shouldn't be used anymore. It will be removed in a future version

(/usr/lib/firefox/firefox:109636): Gtk-WARNING **: 21:47:39.420: Theme parsing error: gtk.css:71:36: The style property GtkCheckMenuItem:indicator-size is deprecated and shouldn't be used anymore. It will be removed in a future version

(/usr/lib/firefox/firefox:109636): Gtk-WARNING **: 21:47:39.420: Theme parsing error: gtk.css:76:30: The style property GtkExpander:expander-size is deprecated and shouldn't be used anymore. It will be removed in a future version

(/usr/lib/firefox/firefox:109659): Gtk-WARNING **: 21:47:39.518: Theme parsing error: gtk.css:68:35: The style property GtkButton:child-displacement-x is deprecated and shouldn't be used anymore. It will be removed in a future version

(/usr/lib/firefox/firefox:109659): Gtk-WARNING **: 21:47:39.518: Theme parsing error: gtk.css:69:35: The style property GtkButton:child-displacement-y is deprecated and shouldn't be used anymore. It will be removed in a future version

(/usr/lib/firefox/firefox:109659): Gtk-WARNING **: 21:47:39.518: Theme parsing error: gtk.css:71:36: The style property GtkCheckMenuItem:indicator-size is deprecated and shouldn't be used anymore. It will be removed in a future version

(/usr/lib/firefox/firefox:109659): Gtk-WARNING **: 21:47:39.519: Theme parsing error: gtk.css:76:30: The style property GtkExpander:expander-size is deprecated and shouldn't be used anymore. It will be removed in a future version

(firefox:109559): GLib-GIO-WARNING **: 21:47:39.591: /etc/xdg/kde-mimeapps.list contains a [Added Associations] group, but it is not permitted here.  Only the non-desktop-specific mimeapps.list file may add or remove associations.
1592095660156	Marionette	INFO	Listening on port 45973
1592095660173	Marionette	WARN	TLS certificate errors will be ignored for this session
1592095732755	mozrunner::runner	INFO	Running command: "/usr/bin/firefox" "-marionette" "-foreground" "-no-remote" "-profile" "/tmp/rust_mozprofile4RrKjV"

(/usr/lib/firefox/firefox:110088): Gtk-WARNING **: 21:48:53.613: Theme parsing error: gtk.css:68:35: The style property GtkButton:child-displacement-x is deprecated and shouldn't be used anymore. It will be removed in a future version

(/usr/lib/firefox/firefox:110088): Gtk-WARNING **: 21:48:53.613: Theme parsing error: gtk.css:69:35: The style property GtkButton:child-displacement-y is deprecated and shouldn't be used anymore. It will be removed in a future version

(/usr/lib/firefox/firefox:110088): Gtk-WARNING **: 21:48:53.613: Theme parsing error: gtk.css:71:36: The style property GtkCheckMenuItem:indicator-size is deprecated and shouldn't be used anymore. It will be removed in a future version

(/usr/lib/firefox/firefox:110088): Gtk-WARNING **: 21:48:53.613: Theme parsing error: gtk.css:76:30: The style property GtkExpander:expander-size is deprecated and shouldn't be used anymore. It will be removed in a future version

(/usr/lib/firefox/firefox:110111): Gtk-WARNING **: 21:48:53.758: Theme parsing error: gtk.css:68:35: The style property GtkButton:child-displacement-x is deprecated and shouldn't be used anymore. It will be removed in a future version

(/usr/lib/firefox/firefox:110111): Gtk-WARNING **: 21:48:53.759: Theme parsing error: gtk.css:69:35: The style property GtkButton:child-displacement-y is deprecated and shouldn't be used anymore. It will be removed in a future version

(/usr/lib/firefox/firefox:110111): Gtk-WARNING **: 21:48:53.759: Theme parsing error: gtk.css:71:36: The style property GtkCheckMenuItem:indicator-size is deprecated and shouldn't be used anymore. It will be removed in a future version

(/usr/lib/firefox/firefox:110111): Gtk-WARNING **: 21:48:53.759: Theme parsing error: gtk.css:76:30: The style property GtkExpander:expander-size is deprecated and shouldn't be used anymore. It will be removed in a future version

(firefox:110013): GLib-GIO-WARNING **: 21:48:53.781: /etc/xdg/kde-mimeapps.list contains a [Added Associations] group, but it is not permitted here.  Only the non-desktop-specific mimeapps.list file may add or remove associations.
1592095734367	Marionette	INFO	Listening on port 38827
1592095734488	Marionette	WARN	TLS certificate errors will be ignored for this session
console.error: "Store does not have a valid reducer. Make sure the argument passed to combineReducers is an object whose values are reducers."
1592095777703	mozrunner::runner	INFO	Running command: "/usr/bin/firefox" "-marionette" "-foreground" "-no-remote" "-profile" "/tmp/rust_mozprofilev3Zbff"

(/usr/lib/firefox/firefox:110405): Gtk-WARNING **: 21:49:38.546: Theme parsing error: gtk.css:68:35: The style property GtkButton:child-displacement-x is deprecated and shouldn't be used anymore. It will be removed in a future version

(/usr/lib/firefox/firefox:110405): Gtk-WARNING **: 21:49:38.547: Theme parsing error: gtk.css:69:35: The style property GtkButton:child-displacement-y is deprecated and shouldn't be used anymore. It will be removed in a future version

(/usr/lib/firefox/firefox:110405): Gtk-WARNING **: 21:49:38.547: Theme parsing error: gtk.css:71:36: The style property GtkCheckMenuItem:indicator-size is deprecated and shouldn't be used anymore. It will be removed in a future version

(/usr/lib/firefox/firefox:110405): Gtk-WARNING **: 21:49:38.547: Theme parsing error: gtk.css:76:30: The style property GtkExpander:expander-size is deprecated and shouldn't be used anymore. It will be removed in a future version

(/usr/lib/firefox/firefox:110428): Gtk-WARNING **: 21:49:38.686: Theme parsing error: gtk.css:68:35: The style property GtkButton:child-displacement-x is deprecated and shouldn't be used anymore. It will be removed in a future version

(/usr/lib/firefox/firefox:110428): Gtk-WARNING **: 21:49:38.687: Theme parsing error: gtk.css:69:35: The style property GtkButton:child-displacement-y is deprecated and shouldn't be used anymore. It will be removed in a future version

(/usr/lib/firefox/firefox:110428): Gtk-WARNING **: 21:49:38.687: Theme parsing error: gtk.css:71:36: The style property GtkCheckMenuItem:indicator-size is deprecated and shouldn't be used anymore. It will be removed in a future version

(/usr/lib/firefox/firefox:110428): Gtk-WARNING **: 21:49:38.688: Theme parsing error: gtk.css:76:30: The style property GtkExpander:expander-size is deprecated and shouldn't be used anymore. It will be removed in a future version

(firefox:110325): GLib-GIO-WARNING **: 21:49:38.728: /etc/xdg/kde-mimeapps.list contains a [Added Associations] group, but it is not permitted here.  Only the non-desktop-specific mimeapps.list file may add or remove associations.
1592095779431	Marionette	INFO	Listening on port 37539
1592095779509	Marionette	WARN	TLS certificate errors will be ignored for this session
1592095789610	Marionette	INFO	Stopped listening on port 45973
1592095852519	mozrunner::runner	INFO	Running command: "/usr/bin/firefox" "-marionette" "-foreground" "-no-remote" "-profile" "/tmp/rust_mozprofileWMDhEe"

(/usr/lib/firefox/firefox:110840): Gtk-WARNING **: 21:50:53.390: Theme parsing error: gtk.css:68:35: The style property GtkButton:child-displacement-x is deprecated and shouldn't be used anymore. It will be removed in a future version

(/usr/lib/firefox/firefox:110840): Gtk-WARNING **: 21:50:53.390: Theme parsing error: gtk.css:69:35: The style property GtkButton:child-displacement-y is deprecated and shouldn't be used anymore. It will be removed in a future version

(/usr/lib/firefox/firefox:110840): Gtk-WARNING **: 21:50:53.390: Theme parsing error: gtk.css:71:36: The style property GtkCheckMenuItem:indicator-size is deprecated and shouldn't be used anymore. It will be removed in a future version

(/usr/lib/firefox/firefox:110840): Gtk-WARNING **: 21:50:53.390: Theme parsing error: gtk.css:76:30: The style property GtkExpander:expander-size is deprecated and shouldn't be used anymore. It will be removed in a future version

(/usr/lib/firefox/firefox:110863): Gtk-WARNING **: 21:50:53.528: Theme parsing error: gtk.css:68:35: The style property GtkButton:child-displacement-x is deprecated and shouldn't be used anymore. It will be removed in a future version

(/usr/lib/firefox/firefox:110863): Gtk-WARNING **: 21:50:53.528: Theme parsing error: gtk.css:69:35: The style property GtkButton:child-displacement-y is deprecated and shouldn't be used anymore. It will be removed in a future version

(/usr/lib/firefox/firefox:110863): Gtk-WARNING **: 21:50:53.528: Theme parsing error: gtk.css:71:36: The style property GtkCheckMenuItem:indicator-size is deprecated and shouldn't be used anymore. It will be removed in a future version

(/usr/lib/firefox/firefox:110863): Gtk-WARNING **: 21:50:53.528: Theme parsing error: gtk.css:76:30: The style property GtkExpander:expander-size is deprecated and shouldn't be used anymore. It will be removed in a future version

(firefox:110758): GLib-GIO-WARNING **: 21:50:53.546: /etc/xdg/kde-mimeapps.list contains a [Added Associations] group, but it is not permitted here.  Only the non-desktop-specific mimeapps.list file may add or remove associations.
1592095854189	Marionette	INFO	Listening on port 43647
1592095854269	Marionette	WARN	TLS certificate errors will be ignored for this session
1592095865961	Marionette	INFO	Stopped listening on port 43647
1592096046167	mozrunner::runner	INFO	Running command: "/usr/bin/firefox" "-marionette" "-foreground" "-no-remote" "-profile" "/tmp/rust_mozprofileFPVB5p"

(/usr/lib/firefox/firefox:112338): Gtk-WARNING **: 21:54:07.032: Theme parsing error: gtk.css:68:35: The style property GtkButton:child-displacement-x is deprecated and shouldn't be used anymore. It will be removed in a future version

(/usr/lib/firefox/firefox:112338): Gtk-WARNING **: 21:54:07.032: Theme parsing error: gtk.css:69:35: The style property GtkButton:child-displacement-y is deprecated and shouldn't be used anymore. It will be removed in a future version

(/usr/lib/firefox/firefox:112338): Gtk-WARNING **: 21:54:07.032: Theme parsing error: gtk.css:71:36: The style property GtkCheckMenuItem:indicator-size is deprecated and shouldn't be used anymore. It will be removed in a future version

(/usr/lib/firefox/firefox:112338): Gtk-WARNING **: 21:54:07.032: Theme parsing error: gtk.css:76:30: The style property GtkExpander:expander-size is deprecated and shouldn't be used anymore. It will be removed in a future version

(/usr/lib/firefox/firefox:112361): Gtk-WARNING **: 21:54:07.163: Theme parsing error: gtk.css:68:35: The style property GtkButton:child-displacement-x is deprecated and shouldn't be used anymore. It will be removed in a future version

(/usr/lib/firefox/firefox:112361): Gtk-WARNING **: 21:54:07.163: Theme parsing error: gtk.css:69:35: The style property GtkButton:child-displacement-y is deprecated and shouldn't be used anymore. It will be removed in a future version

(/usr/lib/firefox/firefox:112361): Gtk-WARNING **: 21:54:07.163: Theme parsing error: gtk.css:71:36: The style property GtkCheckMenuItem:indicator-size is deprecated and shouldn't be used anymore. It will be removed in a future version

(/usr/lib/firefox/firefox:112361): Gtk-WARNING **: 21:54:07.163: Theme parsing error: gtk.css:76:30: The style property GtkExpander:expander-size is deprecated and shouldn't be used anymore. It will be removed in a future version

(firefox:112252): GLib-GIO-WARNING **: 21:54:07.182: /etc/xdg/kde-mimeapps.list contains a [Added Associations] group, but it is not permitted here.  Only the non-desktop-specific mimeapps.list file may add or remove associations.
1592096047822	Marionette	INFO	Listening on port 45865
1592096047903	Marionette	WARN	TLS certificate errors will be ignored for this session
1592096057305	Marionette	INFO	Stopped listening on port 45865
1592096079819	mozrunner::runner	INFO	Running command: "/usr/bin/firefox" "-marionette" "-foreground" "-no-remote" "-profile" "/tmp/rust_mozprofileBPyEkV"

(/usr/lib/firefox/firefox:112611): Gtk-WARNING **: 21:54:40.692: Theme parsing error: gtk.css:68:35: The style property GtkButton:child-displacement-x is deprecated and shouldn't be used anymore. It will be removed in a future version

(/usr/lib/firefox/firefox:112611): Gtk-WARNING **: 21:54:40.693: Theme parsing error: gtk.css:69:35: The style property GtkButton:child-displacement-y is deprecated and shouldn't be used anymore. It will be removed in a future version

(/usr/lib/firefox/firefox:112611): Gtk-WARNING **: 21:54:40.693: Theme parsing error: gtk.css:71:36: The style property GtkCheckMenuItem:indicator-size is deprecated and shouldn't be used anymore. It will be removed in a future version

(/usr/lib/firefox/firefox:112611): Gtk-WARNING **: 21:54:40.693: Theme parsing error: gtk.css:76:30: The style property GtkExpander:expander-size is deprecated and shouldn't be used anymore. It will be removed in a future version

(firefox:112533): GLib-GIO-WARNING **: 21:54:40.864: /etc/xdg/kde-mimeapps.list contains a [Added Associations] group, but it is not permitted here.  Only the non-desktop-specific mimeapps.list file may add or remove associations.

(/usr/lib/firefox/firefox:112637): Gtk-WARNING **: 21:54:40.865: Theme parsing error: gtk.css:68:35: The style property GtkButton:child-displacement-x is deprecated and shouldn't be used anymore. It will be removed in a future version

(/usr/lib/firefox/firefox:112637): Gtk-WARNING **: 21:54:40.865: Theme parsing error: gtk.css:69:35: The style property GtkButton:child-displacement-y is deprecated and shouldn't be used anymore. It will be removed in a future version

(/usr/lib/firefox/firefox:112637): Gtk-WARNING **: 21:54:40.865: Theme parsing error: gtk.css:71:36: The style property GtkCheckMenuItem:indicator-size is deprecated and shouldn't be used anymore. It will be removed in a future version

(/usr/lib/firefox/firefox:112637): Gtk-WARNING **: 21:54:40.865: Theme parsing error: gtk.css:76:30: The style property GtkExpander:expander-size is deprecated and shouldn't be used anymore. It will be removed in a future version
1592096081458	Marionette	INFO	Listening on port 38603
1592096081561	Marionette	WARN	TLS certificate errors will be ignored for this session
1592096095175	Marionette	INFO	Stopped listening on port 38603
1592096132661	mozrunner::runner	INFO	Running command: "/usr/bin/firefox" "-marionette" "-foreground" "-no-remote" "-profile" "/tmp/rust_mozprofilelpXpVe"

(/usr/lib/firefox/firefox:112901): Gtk-WARNING **: 21:55:33.543: Theme parsing error: gtk.css:68:35: The style property GtkButton:child-displacement-x is deprecated and shouldn't be used anymore. It will be removed in a future version

(/usr/lib/firefox/firefox:112901): Gtk-WARNING **: 21:55:33.543: Theme parsing error: gtk.css:69:35: The style property GtkButton:child-displacement-y is deprecated and shouldn't be used anymore. It will be removed in a future version

(/usr/lib/firefox/firefox:112901): Gtk-WARNING **: 21:55:33.543: Theme parsing error: gtk.css:71:36: The style property GtkCheckMenuItem:indicator-size is deprecated and shouldn't be used anymore. It will be removed in a future version

(/usr/lib/firefox/firefox:112901): Gtk-WARNING **: 21:55:33.543: Theme parsing error: gtk.css:76:30: The style property GtkExpander:expander-size is deprecated and shouldn't be used anymore. It will be removed in a future version

(firefox:112825): GLib-GIO-WARNING **: 21:55:33.662: /etc/xdg/kde-mimeapps.list contains a [Added Associations] group, but it is not permitted here.  Only the non-desktop-specific mimeapps.list file may add or remove associations.

(/usr/lib/firefox/firefox:112924): Gtk-WARNING **: 21:55:33.693: Theme parsing error: gtk.css:68:35: The style property GtkButton:child-displacement-x is deprecated and shouldn't be used anymore. It will be removed in a future version

(/usr/lib/firefox/firefox:112924): Gtk-WARNING **: 21:55:33.693: Theme parsing error: gtk.css:69:35: The style property GtkButton:child-displacement-y is deprecated and shouldn't be used anymore. It will be removed in a future version

(/usr/lib/firefox/firefox:112924): Gtk-WARNING **: 21:55:33.693: Theme parsing error: gtk.css:71:36: The style property GtkCheckMenuItem:indicator-size is deprecated and shouldn't be used anymore. It will be removed in a future version

(/usr/lib/firefox/firefox:112924): Gtk-WARNING **: 21:55:33.693: Theme parsing error: gtk.css:76:30: The style property GtkExpander:expander-size is deprecated and shouldn't be used anymore. It will be removed in a future version
1592096134269	Marionette	INFO	Listening on port 42087
1592096134391	Marionette	WARN	TLS certificate errors will be ignored for this session
1592096144324	Marionette	INFO	Stopped listening on port 42087
1592096172456	mozrunner::runner	INFO	Running command: "/usr/bin/firefox" "-marionette" "-foreground" "-no-remote" "-profile" "/tmp/rust_mozprofile2bCH0b"

(/usr/lib/firefox/firefox:113185): Gtk-WARNING **: 21:56:13.325: Theme parsing error: gtk.css:68:35: The style property GtkButton:child-displacement-x is deprecated and shouldn't be used anymore. It will be removed in a future version

(/usr/lib/firefox/firefox:113185): Gtk-WARNING **: 21:56:13.325: Theme parsing error: gtk.css:69:35: The style property GtkButton:child-displacement-y is deprecated and shouldn't be used anymore. It will be removed in a future version

(/usr/lib/firefox/firefox:113185): Gtk-WARNING **: 21:56:13.325: Theme parsing error: gtk.css:71:36: The style property GtkCheckMenuItem:indicator-size is deprecated and shouldn't be used anymore. It will be removed in a future version

(/usr/lib/firefox/firefox:113185): Gtk-WARNING **: 21:56:13.325: Theme parsing error: gtk.css:76:30: The style property GtkExpander:expander-size is deprecated and shouldn't be used anymore. It will be removed in a future version

(/usr/lib/firefox/firefox:113208): Gtk-WARNING **: 21:56:13.446: Theme parsing error: gtk.css:68:35: The style property GtkButton:child-displacement-x is deprecated and shouldn't be used anymore. It will be removed in a future version

(/usr/lib/firefox/firefox:113208): Gtk-WARNING **: 21:56:13.446: Theme parsing error: gtk.css:69:35: The style property GtkButton:child-displacement-y is deprecated and shouldn't be used anymore. It will be removed in a future version

(/usr/lib/firefox/firefox:113208): Gtk-WARNING **: 21:56:13.446: Theme parsing error: gtk.css:71:36: The style property GtkCheckMenuItem:indicator-size is deprecated and shouldn't be used anymore. It will be removed in a future version

(/usr/lib/firefox/firefox:113208): Gtk-WARNING **: 21:56:13.447: Theme parsing error: gtk.css:76:30: The style property GtkExpander:expander-size is deprecated and shouldn't be used anymore. It will be removed in a future version

(firefox:113099): GLib-GIO-WARNING **: 21:56:13.479: /etc/xdg/kde-mimeapps.list contains a [Added Associations] group, but it is not permitted here.  Only the non-desktop-specific mimeapps.list file may add or remove associations.
1592096174102	Marionette	INFO	Listening on port 46247
1592096174186	Marionette	WARN	TLS certificate errors will be ignored for this session
1592096179944	Marionette	INFO	Stopped listening on port 46247
1592096307934	mozrunner::runner	INFO	Running command: "/usr/bin/firefox" "-marionette" "-foreground" "-no-remote" "-profile" "/tmp/rust_mozprofilePem76i"

(/usr/lib/firefox/firefox:113488): Gtk-WARNING **: 21:58:28.797: Theme parsing error: gtk.css:68:35: The style property GtkButton:child-displacement-x is deprecated and shouldn't be used anymore. It will be removed in a future version

(/usr/lib/firefox/firefox:113488): Gtk-WARNING **: 21:58:28.797: Theme parsing error: gtk.css:69:35: The style property GtkButton:child-displacement-y is deprecated and shouldn't be used anymore. It will be removed in a future version

(/usr/lib/firefox/firefox:113488): Gtk-WARNING **: 21:58:28.798: Theme parsing error: gtk.css:71:36: The style property GtkCheckMenuItem:indicator-size is deprecated and shouldn't be used anymore. It will be removed in a future version

(/usr/lib/firefox/firefox:113488): Gtk-WARNING **: 21:58:28.798: Theme parsing error: gtk.css:76:30: The style property GtkExpander:expander-size is deprecated and shouldn't be used anymore. It will be removed in a future version

(/usr/lib/firefox/firefox:113511): Gtk-WARNING **: 21:58:28.890: Theme parsing error: gtk.css:68:35: The style property GtkButton:child-displacement-x is deprecated and shouldn't be used anymore. It will be removed in a future version

(/usr/lib/firefox/firefox:113511): Gtk-WARNING **: 21:58:28.891: Theme parsing error: gtk.css:69:35: The style property GtkButton:child-displacement-y is deprecated and shouldn't be used anymore. It will be removed in a future version

(/usr/lib/firefox/firefox:113511): Gtk-WARNING **: 21:58:28.892: Theme parsing error: gtk.css:71:36: The style property GtkCheckMenuItem:indicator-size is deprecated and shouldn't be used anymore. It will be removed in a future version

(/usr/lib/firefox/firefox:113511): Gtk-WARNING **: 21:58:28.892: Theme parsing error: gtk.css:76:30: The style property GtkExpander:expander-size is deprecated and shouldn't be used anymore. It will be removed in a future version

(firefox:113406): GLib-GIO-WARNING **: 21:58:28.938: /etc/xdg/kde-mimeapps.list contains a [Added Associations] group, but it is not permitted here.  Only the non-desktop-specific mimeapps.list file may add or remove associations.
1592096309585	Marionette	INFO	Listening on port 34905
1592096309660	Marionette	WARN	TLS certificate errors will be ignored for this session
1592096314688	Marionette	INFO	Stopped listening on port 34905
1592096345827	mozrunner::runner	INFO	Running command: "/usr/bin/firefox" "-marionette" "-foreground" "-no-remote" "-profile" "/tmp/rust_mozprofileR3Xkoh"

(/usr/lib/firefox/firefox:113751): Gtk-WARNING **: 21:59:06.700: Theme parsing error: gtk.css:68:35: The style property GtkButton:child-displacement-x is deprecated and shouldn't be used anymore. It will be removed in a future version

(/usr/lib/firefox/firefox:113751): Gtk-WARNING **: 21:59:06.700: Theme parsing error: gtk.css:69:35: The style property GtkButton:child-displacement-y is deprecated and shouldn't be used anymore. It will be removed in a future version

(/usr/lib/firefox/firefox:113751): Gtk-WARNING **: 21:59:06.700: Theme parsing error: gtk.css:71:36: The style property GtkCheckMenuItem:indicator-size is deprecated and shouldn't be used anymore. It will be removed in a future version

(/usr/lib/firefox/firefox:113751): Gtk-WARNING **: 21:59:06.701: Theme parsing error: gtk.css:76:30: The style property GtkExpander:expander-size is deprecated and shouldn't be used anymore. It will be removed in a future version

(/usr/lib/firefox/firefox:113777): Gtk-WARNING **: 21:59:06.830: Theme parsing error: gtk.css:68:35: The style property GtkButton:child-displacement-x is deprecated and shouldn't be used anymore. It will be removed in a future version

(/usr/lib/firefox/firefox:113777): Gtk-WARNING **: 21:59:06.830: Theme parsing error: gtk.css:69:35: The style property GtkButton:child-displacement-y is deprecated and shouldn't be used anymore. It will be removed in a future version

(/usr/lib/firefox/firefox:113777): Gtk-WARNING **: 21:59:06.830: Theme parsing error: gtk.css:71:36: The style property GtkCheckMenuItem:indicator-size is deprecated and shouldn't be used anymore. It will be removed in a future version

(/usr/lib/firefox/firefox:113777): Gtk-WARNING **: 21:59:06.830: Theme parsing error: gtk.css:76:30: The style property GtkExpander:expander-size is deprecated and shouldn't be used anymore. It will be removed in a future version

(firefox:113666): GLib-GIO-WARNING **: 21:59:06.854: /etc/xdg/kde-mimeapps.list contains a [Added Associations] group, but it is not permitted here.  Only the non-desktop-specific mimeapps.list file may add or remove associations.
1592096347513	Marionette	INFO	Listening on port 43685
1592096347544	Marionette	WARN	TLS certificate errors will be ignored for this session
1592096357834	Marionette	INFO	Stopped listening on port 43685
1592096690633	mozrunner::runner	INFO	Running command: "/usr/bin/firefox" "-marionette" "-foreground" "-no-remote" "-profile" "/tmp/rust_mozprofilej5HM3Z"

(/usr/lib/firefox/firefox:114860): Gtk-WARNING **: 22:04:51.485: Theme parsing error: gtk.css:68:35: The style property GtkButton:child-displacement-x is deprecated and shouldn't be used anymore. It will be removed in a future version

(/usr/lib/firefox/firefox:114860): Gtk-WARNING **: 22:04:51.486: Theme parsing error: gtk.css:69:35: The style property GtkButton:child-displacement-y is deprecated and shouldn't be used anymore. It will be removed in a future version

(/usr/lib/firefox/firefox:114860): Gtk-WARNING **: 22:04:51.486: Theme parsing error: gtk.css:71:36: The style property GtkCheckMenuItem:indicator-size is deprecated and shouldn't be used anymore. It will be removed in a future version

(/usr/lib/firefox/firefox:114860): Gtk-WARNING **: 22:04:51.486: Theme parsing error: gtk.css:76:30: The style property GtkExpander:expander-size is deprecated and shouldn't be used anymore. It will be removed in a future version

(/usr/lib/firefox/firefox:114883): Gtk-WARNING **: 22:04:51.639: Theme parsing error: gtk.css:68:35: The style property GtkButton:child-displacement-x is deprecated and shouldn't be used anymore. It will be removed in a future version

(/usr/lib/firefox/firefox:114883): Gtk-WARNING **: 22:04:51.639: Theme parsing error: gtk.css:69:35: The style property GtkButton:child-displacement-y is deprecated and shouldn't be used anymore. It will be removed in a future version

(/usr/lib/firefox/firefox:114883): Gtk-WARNING **: 22:04:51.639: Theme parsing error: gtk.css:71:36: The style property GtkCheckMenuItem:indicator-size is deprecated and shouldn't be used anymore. It will be removed in a future version

(/usr/lib/firefox/firefox:114883): Gtk-WARNING **: 22:04:51.639: Theme parsing error: gtk.css:76:30: The style property GtkExpander:expander-size is deprecated and shouldn't be used anymore. It will be removed in a future version

(firefox:114775): GLib-GIO-WARNING **: 22:04:51.653: /etc/xdg/kde-mimeapps.list contains a [Added Associations] group, but it is not permitted here.  Only the non-desktop-specific mimeapps.list file may add or remove associations.
1592096692234	Marionette	INFO	Listening on port 40395
1592096692252	Marionette	WARN	TLS certificate errors will be ignored for this session
1592096937562	mozrunner::runner	INFO	Running command: "/usr/bin/firefox" "-marionette" "-foreground" "-no-remote" "-profile" "/tmp/rust_mozprofileG3sdCK"

(/usr/lib/firefox/firefox:115479): Gtk-WARNING **: 22:08:58.422: Theme parsing error: gtk.css:68:35: The style property GtkButton:child-displacement-x is deprecated and shouldn't be used anymore. It will be removed in a future version

(/usr/lib/firefox/firefox:115479): Gtk-WARNING **: 22:08:58.423: Theme parsing error: gtk.css:69:35: The style property GtkButton:child-displacement-y is deprecated and shouldn't be used anymore. It will be removed in a future version

(/usr/lib/firefox/firefox:115479): Gtk-WARNING **: 22:08:58.423: Theme parsing error: gtk.css:71:36: The style property GtkCheckMenuItem:indicator-size is deprecated and shouldn't be used anymore. It will be removed in a future version

(/usr/lib/firefox/firefox:115479): Gtk-WARNING **: 22:08:58.423: Theme parsing error: gtk.css:76:30: The style property GtkExpander:expander-size is deprecated and shouldn't be used anymore. It will be removed in a future version

(/usr/lib/firefox/firefox:115502): Gtk-WARNING **: 22:08:58.534: Theme parsing error: gtk.css:68:35: The style property GtkButton:child-displacement-x is deprecated and shouldn't be used anymore. It will be removed in a future version

(/usr/lib/firefox/firefox:115502): Gtk-WARNING **: 22:08:58.534: Theme parsing error: gtk.css:69:35: The style property GtkButton:child-displacement-y is deprecated and shouldn't be used anymore. It will be removed in a future version

(/usr/lib/firefox/firefox:115502): Gtk-WARNING **: 22:08:58.534: Theme parsing error: gtk.css:71:36: The style property GtkCheckMenuItem:indicator-size is deprecated and shouldn't be used anymore. It will be removed in a future version

(/usr/lib/firefox/firefox:115502): Gtk-WARNING **: 22:08:58.535: Theme parsing error: gtk.css:76:30: The style property GtkExpander:expander-size is deprecated and shouldn't be used anymore. It will be removed in a future version

(firefox:115394): GLib-GIO-WARNING **: 22:08:58.555: /etc/xdg/kde-mimeapps.list contains a [Added Associations] group, but it is not permitted here.  Only the non-desktop-specific mimeapps.list file may add or remove associations.
1592096939134	Marionette	INFO	Listening on port 33489
1592096939169	Marionette	WARN	TLS certificate errors will be ignored for this session
1592097128705	mozrunner::runner	INFO	Running command: "/usr/bin/firefox" "-marionette" "-foreground" "-no-remote" "-profile" "/tmp/rust_mozprofileHGA2L5"

(/usr/lib/firefox/firefox:115861): Gtk-WARNING **: 22:12:09.604: Theme parsing error: gtk.css:68:35: The style property GtkButton:child-displacement-x is deprecated and shouldn't be used anymore. It will be removed in a future version

(/usr/lib/firefox/firefox:115861): Gtk-WARNING **: 22:12:09.604: Theme parsing error: gtk.css:69:35: The style property GtkButton:child-displacement-y is deprecated and shouldn't be used anymore. It will be removed in a future version

(/usr/lib/firefox/firefox:115861): Gtk-WARNING **: 22:12:09.604: Theme parsing error: gtk.css:71:36: The style property GtkCheckMenuItem:indicator-size is deprecated and shouldn't be used anymore. It will be removed in a future version

(/usr/lib/firefox/firefox:115861): Gtk-WARNING **: 22:12:09.604: Theme parsing error: gtk.css:76:30: The style property GtkExpander:expander-size is deprecated and shouldn't be used anymore. It will be removed in a future version

(/usr/lib/firefox/firefox:115884): Gtk-WARNING **: 22:12:09.658: Theme parsing error: gtk.css:68:35: The style property GtkButton:child-displacement-x is deprecated and shouldn't be used anymore. It will be removed in a future version

(/usr/lib/firefox/firefox:115884): Gtk-WARNING **: 22:12:09.658: Theme parsing error: gtk.css:69:35: The style property GtkButton:child-displacement-y is deprecated and shouldn't be used anymore. It will be removed in a future version

(/usr/lib/firefox/firefox:115884): Gtk-WARNING **: 22:12:09.658: Theme parsing error: gtk.css:71:36: The style property GtkCheckMenuItem:indicator-size is deprecated and shouldn't be used anymore. It will be removed in a future version

(/usr/lib/firefox/firefox:115884): Gtk-WARNING **: 22:12:09.658: Theme parsing error: gtk.css:76:30: The style property GtkExpander:expander-size is deprecated and shouldn't be used anymore. It will be removed in a future version

(firefox:115782): GLib-GIO-WARNING **: 22:12:09.762: /etc/xdg/kde-mimeapps.list contains a [Added Associations] group, but it is not permitted here.  Only the non-desktop-specific mimeapps.list file may add or remove associations.
1592097130383	Marionette	INFO	Listening on port 38147
1592097130414	Marionette	WARN	TLS certificate errors will be ignored for this session
1592097145239	Marionette	INFO	Stopped listening on port 38147
1592097150762	mozrunner::runner	INFO	Running command: "/usr/bin/firefox" "-marionette" "-foreground" "-no-remote" "-profile" "/tmp/rust_mozprofilel3Qemb"

(/usr/lib/firefox/firefox:116117): Gtk-WARNING **: 22:12:31.612: Theme parsing error: gtk.css:68:35: The style property GtkButton:child-displacement-x is deprecated and shouldn't be used anymore. It will be removed in a future version

(/usr/lib/firefox/firefox:116117): Gtk-WARNING **: 22:12:31.612: Theme parsing error: gtk.css:69:35: The style property GtkButton:child-displacement-y is deprecated and shouldn't be used anymore. It will be removed in a future version

(/usr/lib/firefox/firefox:116117): Gtk-WARNING **: 22:12:31.612: Theme parsing error: gtk.css:71:36: The style property GtkCheckMenuItem:indicator-size is deprecated and shouldn't be used anymore. It will be removed in a future version

(/usr/lib/firefox/firefox:116117): Gtk-WARNING **: 22:12:31.612: Theme parsing error: gtk.css:76:30: The style property GtkExpander:expander-size is deprecated and shouldn't be used anymore. It will be removed in a future version

(/usr/lib/firefox/firefox:116140): Gtk-WARNING **: 22:12:31.768: Theme parsing error: gtk.css:68:35: The style property GtkButton:child-displacement-x is deprecated and shouldn't be used anymore. It will be removed in a future version

(/usr/lib/firefox/firefox:116140): Gtk-WARNING **: 22:12:31.768: Theme parsing error: gtk.css:69:35: The style property GtkButton:child-displacement-y is deprecated and shouldn't be used anymore. It will be removed in a future version

(/usr/lib/firefox/firefox:116140): Gtk-WARNING **: 22:12:31.768: Theme parsing error: gtk.css:71:36: The style property GtkCheckMenuItem:indicator-size is deprecated and shouldn't be used anymore. It will be removed in a future version

(/usr/lib/firefox/firefox:116140): Gtk-WARNING **: 22:12:31.769: Theme parsing error: gtk.css:76:30: The style property GtkExpander:expander-size is deprecated and shouldn't be used anymore. It will be removed in a future version

(firefox:116038): GLib-GIO-WARNING **: 22:12:31.784: /etc/xdg/kde-mimeapps.list contains a [Added Associations] group, but it is not permitted here.  Only the non-desktop-specific mimeapps.list file may add or remove associations.
1592097152413	Marionette	INFO	Listening on port 35935
1592097152488	Marionette	WARN	TLS certificate errors will be ignored for this session

(/usr/lib/firefox/firefox:116217): Gtk-WARNING **: 22:13:51.763: Theme parsing error: gtk.css:68:35: The style property GtkButton:child-displacement-x is deprecated and shouldn't be used anymore. It will be removed in a future version

(/usr/lib/firefox/firefox:116217): Gtk-WARNING **: 22:13:51.764: Theme parsing error: gtk.css:69:35: The style property GtkButton:child-displacement-y is deprecated and shouldn't be used anymore. It will be removed in a future version

(/usr/lib/firefox/firefox:116217): Gtk-WARNING **: 22:13:51.764: Theme parsing error: gtk.css:71:36: The style property GtkCheckMenuItem:indicator-size is deprecated and shouldn't be used anymore. It will be removed in a future version

(/usr/lib/firefox/firefox:116217): Gtk-WARNING **: 22:13:51.765: Theme parsing error: gtk.css:76:30: The style property GtkExpander:expander-size is deprecated and shouldn't be used anymore. It will be removed in a future version
1592097233926	Marionette	INFO	Stopped listening on port 35935
1592097238039	Marionette	INFO	Stopped listening on port 33489
